  Source.cpp
  network_listener.cpp
c:\users\eins\documents\visual studio 2015\projects\rdt_project\rdt_project\network_listener.cpp(60): warning C4996: 'sprintf': This function or variable may be unsafe. Consider using sprintf_s instead. To disable deprecation, use _CRT_SECURE_NO_WARNINGS. See online help for details.
  c:\program files (x86)\windows kits\10\include\10.0.10240.0\ucrt\stdio.h(1769): note: see declaration of 'sprintf'
c:\users\eins\documents\visual studio 2015\projects\rdt_project\rdt_project\network_listener.cpp(66): warning C4996: 'sprintf': This function or variable may be unsafe. Consider using sprintf_s instead. To disable deprecation, use _CRT_SECURE_NO_WARNINGS. See online help for details.
  c:\program files (x86)\windows kits\10\include\10.0.10240.0\ucrt\stdio.h(1769): note: see declaration of 'sprintf'
c:\users\eins\documents\visual studio 2015\projects\rdt_project\rdt_project\network_listener.cpp(189): warning C4101: 'j': unreferenced local variable
c:\users\eins\documents\visual studio 2015\projects\rdt_project\rdt_project\network_listener.cpp(236): warning C4554: '&': check operator precedence for possible error; use parentheses to clarify precedence
c:\users\eins\documents\visual studio 2015\projects\rdt_project\rdt_project\network_listener.cpp(246): warning C4554: '&': check operator precedence for possible error; use parentheses to clarify precedence
c:\users\eins\documents\visual studio 2015\projects\rdt_project\rdt_project\network_listener.cpp(256): warning C4554: '&': check operator precedence for possible error; use parentheses to clarify precedence
c:\users\eins\documents\visual studio 2015\projects\rdt_project\rdt_project\network_listener.cpp(266): warning C4554: '&': check operator precedence for possible error; use parentheses to clarify precedence
c:\users\eins\documents\visual studio 2015\projects\rdt_project\rdt_project\network_listener.cpp(276): warning C4554: '&': check operator precedence for possible error; use parentheses to clarify precedence
c:\users\eins\documents\visual studio 2015\projects\rdt_project\rdt_project\network_listener.cpp(286): warning C4554: '&': check operator precedence for possible error; use parentheses to clarify precedence
c:\users\eins\documents\visual studio 2015\projects\rdt_project\rdt_project\network_listener.cpp(296): warning C4554: '&': check operator precedence for possible error; use parentheses to clarify precedence
c:\users\eins\documents\visual studio 2015\projects\rdt_project\rdt_project\network_listener.cpp(306): warning C4554: '&': check operator precedence for possible error; use parentheses to clarify precedence
c:\users\eins\documents\visual studio 2015\projects\rdt_project\rdt_project\network_listener.cpp(316): warning C4554: '&': check operator precedence for possible error; use parentheses to clarify precedence
c:\users\eins\documents\visual studio 2015\projects\rdt_project\rdt_project\network_listener.cpp(326): warning C4554: '&': check operator precedence for possible error; use parentheses to clarify precedence
c:\users\eins\documents\visual studio 2015\projects\rdt_project\rdt_project\network_listener.cpp(338): warning C4554: '&': check operator precedence for possible error; use parentheses to clarify precedence
c:\users\eins\documents\visual studio 2015\projects\rdt_project\rdt_project\network_listener.cpp(345): warning C4554: '&': check operator precedence for possible error; use parentheses to clarify precedence
  Generating Code...
  rdt_project.vcxproj -> C:\Users\Eins\documents\visual studio 2015\Projects\rdt_project\Debug\rdt_project.exe
